------------------------------------------------------------------------------------------------------------------------

[2024-12-11 16:22:22 #1 store] 
Database 'C:\Users\zurib\Desktop\UNIVERSIDAD\TERCERO DE CARRERA\SI2\ProiektuaSI2\Rides24\src\main\resources\rides.temp' has been recovered (tr. 8-8)

[2024-12-11 16:22:22 #2 store] 
Database 'C:\Users\zurib\Desktop\UNIVERSIDAD\TERCERO DE CARRERA\SI2\ProiektuaSI2\Rides24\src\main\resources\rides.temp' is opened by 11256@ZuriBehobide

[2024-12-11 16:22:22 #3 type] 
Type domain.User is not enhanced.

[2024-12-11 16:22:22 #4 type] 
Type domain.Driver is not enhanced.

[2024-12-11 16:22:22 #5 type] 
Type domain.Ride is not enhanced.

[2024-12-11 16:22:22 #6 type] 
Type domain.Traveler is not enhanced.

------------------------------------------------------------------------------------------------------------------------

[2024-12-11 16:23:26 #1 store] 
Database 'C:\Users\zurib\Desktop\UNIVERSIDAD\TERCERO DE CARRERA\SI2\ProiektuaSI2\Rides24\src\main\resources\rides.temp' has been recovered (tr. 9-10)

[2024-12-11 16:23:26 #2 store] 
Database 'C:\Users\zurib\Desktop\UNIVERSIDAD\TERCERO DE CARRERA\SI2\ProiektuaSI2\Rides24\src\main\resources\rides.temp' is opened by 15240@ZuriBehobide

[2024-12-11 16:23:27 #3 type] 
Type domain.User is not enhanced.

[2024-12-11 16:23:27 #4 type] 
Type domain.Driver is not enhanced.

[2024-12-11 16:23:27 #5 type] 
Type domain.Ride is not enhanced.

[2024-12-11 16:23:27 #6 type] 
Type domain.Traveler is not enhanced.

------------------------------------------------------------------------------------------------------------------------

[2024-12-11 16:29:15 #1 store] 
Database 'C:\Users\zurib\Desktop\UNIVERSIDAD\TERCERO DE CARRERA\SI2\ProiektuaSI2\Rides24\src\main\resources\rides.temp' is opened by 16460@ZuriBehobide

[2024-12-11 16:29:15 #2 type] 
Type domain.User is not enhanced.

[2024-12-11 16:29:15 #3 type] 
Type domain.Driver is not enhanced.

[2024-12-11 16:29:15 #4 type] 
Type domain.Ride is not enhanced.

[2024-12-11 16:29:15 #5 type] 
Type domain.Traveler is not enhanced.

------------------------------------------------------------------------------------------------------------------------

[2024-12-11 16:30:22 #1 store] 
Database 'C:\Users\zurib\Desktop\UNIVERSIDAD\TERCERO DE CARRERA\SI2\ProiektuaSI2\Rides24\src\main\resources\rides.temp' is opened by 5760@ZuriBehobide

[2024-12-11 16:30:22 #2 type] 
Type domain.User is not enhanced.

[2024-12-11 16:30:22 #3 type] 
Type domain.Driver is not enhanced.

[2024-12-11 16:30:22 #4 type] 
Type domain.Ride is not enhanced.

[2024-12-11 16:30:22 #5 type] 
Type domain.Traveler is not enhanced.

------------------------------------------------------------------------------------------------------------------------

[2024-12-11 17:44:16 #1 store] 
Database 'C:\Users\zurib\Desktop\UNIVERSIDAD\TERCERO DE CARRERA\SI2\ProiektuaSI2\Rides24\src\main\resources\rides.temp' is opened by 2660@ZuriBehobide

[2024-12-11 17:44:16 #2 type] 
Type domain.User is not enhanced.

[2024-12-11 17:44:16 #3 type] 
Type domain.Driver is not enhanced.

[2024-12-11 17:44:16 #4 type] 
Type domain.Ride is not enhanced.

[2024-12-11 17:44:16 #5 type] 
Type domain.Traveler is not enhanced.

------------------------------------------------------------------------------------------------------------------------

[2024-12-11 23:02:54 #1 store] 
Database 'C:\Users\zurib\Desktop\UNIVERSIDAD\TERCERO DE CARRERA\SI2\ProiektuaSI2\Rides24\src\main\resources\rides.temp' is opened by 21132@ZuriBehobide

[2024-12-11 23:02:54 #2 type] 
Type domain.User is not enhanced.

[2024-12-11 23:02:54 #3 type] 
Type domain.Driver is not enhanced.

[2024-12-11 23:02:54 #4 type] 
Type domain.Ride is not enhanced.

[2024-12-11 23:02:54 #5 type] 
Type domain.Traveler is not enhanced.

------------------------------------------------------------------------------------------------------------------------

[2024-12-11 23:32:33 #1 store] 
Database 'C:\Users\zurib\Desktop\UNIVERSIDAD\TERCERO DE CARRERA\SI2\ProiektuaSI2\Rides24\src\main\resources\rides.temp' is opened by 20352@ZuriBehobide

[2024-12-11 23:32:33 #2 type] 
Type domain.User is not enhanced.

[2024-12-11 23:32:33 #3 type] 
Type domain.Driver is not enhanced.

[2024-12-11 23:32:33 #4 type] 
Type domain.Ride is not enhanced.

[2024-12-11 23:32:33 #5 type] 
Type domain.Traveler is not enhanced.

------------------------------------------------------------------------------------------------------------------------

[2024-12-11 23:33:25 #1 store] 
Database 'C:\Users\zurib\Desktop\UNIVERSIDAD\TERCERO DE CARRERA\SI2\ProiektuaSI2\Rides24\src\main\resources\rides.temp' has been recovered (tr. 12-13)

[2024-12-11 23:33:26 #2 store] 
Database 'C:\Users\zurib\Desktop\UNIVERSIDAD\TERCERO DE CARRERA\SI2\ProiektuaSI2\Rides24\src\main\resources\rides.temp' is opened by 22392@ZuriBehobide

[2024-12-11 23:33:26 #3 type] 
Type domain.User is not enhanced.

[2024-12-11 23:33:26 #4 type] 
Type domain.Driver is not enhanced.

[2024-12-11 23:33:26 #5 type] 
Type domain.Ride is not enhanced.

[2024-12-11 23:33:26 #6 type] 
Type domain.Traveler is not enhanced.

------------------------------------------------------------------------------------------------------------------------

[2024-12-11 23:33:35 #1 store] 
Database 'C:\Users\zurib\Desktop\UNIVERSIDAD\TERCERO DE CARRERA\SI2\ProiektuaSI2\Rides24\src\main\resources\rides.temp' is opened by 7420@ZuriBehobide

[2024-12-11 23:33:35 #2 type] 
Type domain.User is not enhanced.

[2024-12-11 23:33:35 #3 type] 
Type domain.Driver is not enhanced.

[2024-12-11 23:33:35 #4 type] 
Type domain.Ride is not enhanced.

[2024-12-11 23:33:35 #5 type] 
Type domain.Traveler is not enhanced.

