------------------------------------------------------------------------------------------------------------------------

[2024-12-07 00:06:50 #1 store] 
Database 'C:\Users\zurib\Desktop\UNIVERSIDAD\TERCERO DE CARRERA\SI2\ProiektuaSI2\Rides24\src\main\resources\rides.temp' is opened by 11864@ZuriBehobide

[2024-12-07 00:06:51 #2 type] 
Type domain.User is not enhanced.

[2024-12-07 00:06:51 #3 type] 
Type domain.Driver is not enhanced.

[2024-12-07 00:06:51 #4 type] 
Type domain.Ride is not enhanced.

[2024-12-07 00:06:51 #5 type] 
Type domain.Traveler is not enhanced.

------------------------------------------------------------------------------------------------------------------------

[2024-12-07 00:09:43 #1 store] 
Database 'C:\Users\zurib\Desktop\UNIVERSIDAD\TERCERO DE CARRERA\SI2\ProiektuaSI2\Rides24\src\main\resources\rides.temp' is opened by 1844@ZuriBehobide

[2024-12-07 00:09:43 #2 type] 
Type domain.User is not enhanced.

[2024-12-07 00:09:43 #3 type] 
Type domain.Driver is not enhanced.

[2024-12-07 00:09:43 #4 type] 
Type domain.Ride is not enhanced.

[2024-12-07 00:09:43 #5 type] 
Type domain.Traveler is not enhanced.

