------------------------------------------------------------------------------------------------------------------------

[2024-12-06 12:16:24 #1 store] 
Database 'C:\Users\zurib\Desktop\UNIVERSIDAD\TERCERO DE CARRERA\SI2\ProiektuaSI2\Rides24\src\main\resources\rides.temp' is opened by 25476@ZuriBehobide

[2024-12-06 12:16:24 #2 type.registry] 
New type domain.Driver

[2024-12-06 12:16:24 #3 type] 
Type domain.Driver is not enhanced.

[2024-12-06 12:16:24 #4 type.registry] 
New type domain.Ride

[2024-12-06 12:16:24 #5 type] 
Type domain.Ride is not enhanced.

[2024-12-06 12:16:24 #6 type.registry] 
New type java.util.Vector<java.lang.Object>

[2024-12-06 12:16:24 #7 type.registry] 
New type java.util.Vector<domain.Ride>

------------------------------------------------------------------------------------------------------------------------

[2024-12-06 15:06:20 #1 store] 
Database 'C:\Users\zurib\Desktop\UNIVERSIDAD\TERCERO DE CARRERA\SI2\ProiektuaSI2\Rides24\src\main\resources\rides.temp' is opened by 7184@ZuriBehobide

[2024-12-06 15:06:20 #2 type.registry] 
New type domain.User

[2024-12-06 15:06:20 #3 type.registry] 
New type domain.Driver

[2024-12-06 15:06:20 #4 type] 
Type domain.User is not enhanced.

[2024-12-06 15:06:20 #5 type] 
Type domain.Driver is not enhanced.

[2024-12-06 15:06:20 #6 type.registry] 
New type domain.Ride

[2024-12-06 15:06:20 #7 type] 
Type domain.Ride is not enhanced.

[2024-12-06 15:06:20 #8 type.registry] 
New type domain.Traveler

[2024-12-06 15:06:20 #9 type] 
Type domain.Traveler is not enhanced.

[2024-12-06 15:06:20 #10 type.registry] 
New type domain.Booking

[2024-12-06 15:06:20 #11 type] 
Type domain.Booking is not enhanced.

[2024-12-06 15:06:20 #12 type.registry] 
New type java.util.Vector<java.lang.Object>

[2024-12-06 15:06:20 #13 type.registry] 
New type java.util.Vector<domain.Ride>

[2024-12-06 15:06:20 #14 type.registry] 
New type java.util.Vector<domain.Booking>

------------------------------------------------------------------------------------------------------------------------

[2024-12-06 15:08:39 #1 store] 
Database 'C:\Users\zurib\Desktop\UNIVERSIDAD\TERCERO DE CARRERA\SI2\ProiektuaSI2\Rides24\src\main\resources\rides.temp' is opened by 1808@ZuriBehobide

[2024-12-06 15:08:39 #2 type.registry] 
New type domain.User

[2024-12-06 15:08:39 #3 type.registry] 
New type domain.Driver

[2024-12-06 15:08:39 #4 type] 
Type domain.User is not enhanced.

[2024-12-06 15:08:39 #5 type] 
Type domain.Driver is not enhanced.

[2024-12-06 15:08:39 #6 type.registry] 
New type domain.Ride

[2024-12-06 15:08:39 #7 type] 
Type domain.Ride is not enhanced.

[2024-12-06 15:08:39 #8 type.registry] 
New type domain.Traveler

[2024-12-06 15:08:39 #9 type] 
Type domain.Traveler is not enhanced.

[2024-12-06 15:08:39 #10 type.registry] 
New type domain.Booking

[2024-12-06 15:08:39 #11 type] 
Type domain.Booking is not enhanced.

[2024-12-06 15:08:39 #12 type.registry] 
New type java.util.Vector<java.lang.Object>

[2024-12-06 15:08:39 #13 type.registry] 
New type java.util.Vector<domain.Ride>

[2024-12-06 15:08:39 #14 type.registry] 
New type java.util.Vector<domain.Booking>

------------------------------------------------------------------------------------------------------------------------

[2024-12-06 15:14:48 #1 store] 
Database 'C:\Users\zurib\Desktop\UNIVERSIDAD\TERCERO DE CARRERA\SI2\ProiektuaSI2\Rides24\src\main\resources\rides.temp' is opened by 23292@ZuriBehobide

[2024-12-06 15:14:49 #2 type.registry] 
New type domain.User

[2024-12-06 15:14:49 #3 type.registry] 
New type domain.Driver

[2024-12-06 15:14:49 #4 type] 
Type domain.User is not enhanced.

[2024-12-06 15:14:49 #5 type] 
Type domain.Driver is not enhanced.

[2024-12-06 15:14:49 #6 type.registry] 
New type domain.Ride

[2024-12-06 15:14:49 #7 type] 
Type domain.Ride is not enhanced.

[2024-12-06 15:14:49 #8 type.registry] 
New type domain.Traveler

[2024-12-06 15:14:49 #9 type] 
Type domain.Traveler is not enhanced.

[2024-12-06 15:14:49 #10 type.registry] 
New type domain.Booking

[2024-12-06 15:14:49 #11 type] 
Type domain.Booking is not enhanced.

[2024-12-06 15:14:49 #12 type.registry] 
New type java.util.Vector<java.lang.Object>

[2024-12-06 15:14:49 #13 type.registry] 
New type java.util.Vector<domain.Ride>

[2024-12-06 15:14:49 #14 type.registry] 
New type java.util.Vector<domain.Booking>

------------------------------------------------------------------------------------------------------------------------

[2024-12-06 15:16:59 #1 store] 
Database 'C:\Users\zurib\Desktop\UNIVERSIDAD\TERCERO DE CARRERA\SI2\ProiektuaSI2\Rides24\src\main\resources\rides.temp' is opened by 23736@ZuriBehobide

[2024-12-06 15:16:59 #2 type.registry] 
New type domain.User

[2024-12-06 15:16:59 #3 type.registry] 
New type domain.Driver

[2024-12-06 15:16:59 #4 type] 
Type domain.User is not enhanced.

[2024-12-06 15:16:59 #5 type] 
Type domain.Driver is not enhanced.

[2024-12-06 15:16:59 #6 type.registry] 
New type domain.Ride

[2024-12-06 15:16:59 #7 type] 
Type domain.Ride is not enhanced.

[2024-12-06 15:16:59 #8 type.registry] 
New type domain.Booking

[2024-12-06 15:16:59 #9 type] 
Type domain.Booking is not enhanced.

[2024-12-06 15:16:59 #10 type.registry] 
New type domain.Traveler

[2024-12-06 15:16:59 #11 type] 
Type domain.Traveler is not enhanced.

[2024-12-06 15:16:59 #12 type.registry] 
New type java.util.Vector<java.lang.Object>

[2024-12-06 15:16:59 #13 type.registry] 
New type java.util.Vector<domain.Ride>

[2024-12-06 15:16:59 #14 type.registry] 
New type java.util.Vector<domain.Booking>

------------------------------------------------------------------------------------------------------------------------

[2024-12-06 15:21:13 #1 store] 
Database 'C:\Users\zurib\Desktop\UNIVERSIDAD\TERCERO DE CARRERA\SI2\ProiektuaSI2\Rides24\src\main\resources\rides.temp' is opened by 24460@ZuriBehobide

[2024-12-06 15:21:13 #2 type.registry] 
New type domain.User

[2024-12-06 15:21:13 #3 type.registry] 
New type domain.Driver

[2024-12-06 15:21:13 #4 type] 
Type domain.User is not enhanced.

[2024-12-06 15:21:13 #5 type] 
Type domain.Driver is not enhanced.

[2024-12-06 15:21:13 #6 type.registry] 
New type domain.Ride

[2024-12-06 15:21:13 #7 type] 
Type domain.Ride is not enhanced.

[2024-12-06 15:21:13 #8 type.registry] 
New type domain.Booking

[2024-12-06 15:21:13 #9 type] 
Type domain.Booking is not enhanced.

[2024-12-06 15:21:13 #10 type.registry] 
New type domain.Traveler

[2024-12-06 15:21:13 #11 type] 
Type domain.Traveler is not enhanced.

[2024-12-06 15:21:13 #12 type.registry] 
New type java.util.Vector<java.lang.Object>

[2024-12-06 15:21:13 #13 type.registry] 
New type java.util.Vector<domain.Ride>

[2024-12-06 15:21:13 #14 type.registry] 
New type java.util.Vector<domain.Booking>

------------------------------------------------------------------------------------------------------------------------

[2024-12-06 15:23:00 #1 store] 
Database 'C:\Users\zurib\Desktop\UNIVERSIDAD\TERCERO DE CARRERA\SI2\ProiektuaSI2\Rides24\src\main\resources\rides.temp' is opened by 22164@ZuriBehobide

[2024-12-06 15:23:00 #2 type.registry] 
New type domain.User

[2024-12-06 15:23:00 #3 type.registry] 
New type domain.Driver

[2024-12-06 15:23:00 #4 type] 
Type domain.User is not enhanced.

[2024-12-06 15:23:00 #5 type] 
Type domain.Driver is not enhanced.

[2024-12-06 15:23:00 #6 type.registry] 
New type domain.Ride

[2024-12-06 15:23:00 #7 type] 
Type domain.Ride is not enhanced.

[2024-12-06 15:23:00 #8 type.registry] 
New type domain.Booking

[2024-12-06 15:23:00 #9 type] 
Type domain.Booking is not enhanced.

[2024-12-06 15:23:00 #10 type.registry] 
New type domain.Traveler

[2024-12-06 15:23:00 #11 type] 
Type domain.Traveler is not enhanced.

[2024-12-06 15:23:00 #12 type.registry] 
New type java.util.Vector<java.lang.Object>

[2024-12-06 15:23:00 #13 type.registry] 
New type java.util.Vector<domain.Ride>

[2024-12-06 15:23:00 #14 type.registry] 
New type java.util.Vector<domain.Booking>

------------------------------------------------------------------------------------------------------------------------

[2024-12-06 15:24:47 #1 store] 
Database 'C:\Users\zurib\Desktop\UNIVERSIDAD\TERCERO DE CARRERA\SI2\ProiektuaSI2\Rides24\src\main\resources\rides.temp' is opened by 24888@ZuriBehobide

[2024-12-06 15:24:47 #2 type.registry] 
New type domain.User

[2024-12-06 15:24:47 #3 type.registry] 
New type domain.Driver

[2024-12-06 15:24:47 #4 type] 
Type domain.User is not enhanced.

[2024-12-06 15:24:47 #5 type] 
Type domain.Driver is not enhanced.

[2024-12-06 15:24:47 #6 type.registry] 
New type domain.Ride

[2024-12-06 15:24:47 #7 type] 
Type domain.Ride is not enhanced.

[2024-12-06 15:24:47 #8 type.registry] 
New type domain.Booking

[2024-12-06 15:24:47 #9 type] 
Type domain.Booking is not enhanced.

[2024-12-06 15:24:47 #10 type.registry] 
New type domain.Traveler

[2024-12-06 15:24:47 #11 type] 
Type domain.Traveler is not enhanced.

[2024-12-06 15:24:47 #12 type.registry] 
New type java.util.Vector<java.lang.Object>

[2024-12-06 15:24:47 #13 type.registry] 
New type java.util.Vector<domain.Ride>

[2024-12-06 15:24:47 #14 type.registry] 
New type java.util.Vector<domain.Booking>

------------------------------------------------------------------------------------------------------------------------

[2024-12-06 15:26:13 #1 store] 
Database 'C:\Users\zurib\Desktop\UNIVERSIDAD\TERCERO DE CARRERA\SI2\ProiektuaSI2\Rides24\src\main\resources\rides.temp' is opened by 13016@ZuriBehobide

[2024-12-06 15:26:13 #2 type.registry] 
New type domain.User

[2024-12-06 15:26:13 #3 type.registry] 
New type domain.Driver

[2024-12-06 15:26:13 #4 type] 
Type domain.User is not enhanced.

[2024-12-06 15:26:13 #5 type] 
Type domain.Driver is not enhanced.

[2024-12-06 15:26:13 #6 type.registry] 
New type domain.Ride

[2024-12-06 15:26:13 #7 type] 
Type domain.Ride is not enhanced.

[2024-12-06 15:26:13 #8 type.registry] 
New type domain.Booking

[2024-12-06 15:26:13 #9 type] 
Type domain.Booking is not enhanced.

[2024-12-06 15:26:13 #10 type.registry] 
New type domain.Traveler

[2024-12-06 15:26:13 #11 type] 
Type domain.Traveler is not enhanced.

[2024-12-06 15:26:13 #12 type.registry] 
New type java.util.Vector<java.lang.Object>

[2024-12-06 15:26:13 #13 type.registry] 
New type java.util.Vector<domain.Ride>

[2024-12-06 15:26:13 #14 type.registry] 
New type java.util.Vector<domain.Booking>

------------------------------------------------------------------------------------------------------------------------

[2024-12-06 15:27:43 #1 store] 
Database 'C:\Users\zurib\Desktop\UNIVERSIDAD\TERCERO DE CARRERA\SI2\ProiektuaSI2\Rides24\src\main\resources\rides.temp' is opened by 6600@ZuriBehobide

[2024-12-06 15:27:43 #2 type.registry] 
New type domain.User

[2024-12-06 15:27:43 #3 type.registry] 
New type domain.Driver

[2024-12-06 15:27:43 #4 type] 
Type domain.User is not enhanced.

[2024-12-06 15:27:43 #5 type] 
Type domain.Driver is not enhanced.

[2024-12-06 15:27:43 #6 type.registry] 
New type domain.Ride

[2024-12-06 15:27:43 #7 type] 
Type domain.Ride is not enhanced.

[2024-12-06 15:27:43 #8 type.registry] 
New type domain.Booking

[2024-12-06 15:27:43 #9 type] 
Type domain.Booking is not enhanced.

[2024-12-06 15:27:43 #10 type.registry] 
New type domain.Traveler

[2024-12-06 15:27:43 #11 type] 
Type domain.Traveler is not enhanced.

[2024-12-06 15:27:44 #12 type.registry] 
New type java.util.Vector<java.lang.Object>

[2024-12-06 15:27:44 #13 type.registry] 
New type java.util.Vector<domain.Ride>

[2024-12-06 15:27:44 #14 type.registry] 
New type java.util.Vector<domain.Booking>

------------------------------------------------------------------------------------------------------------------------

[2024-12-06 15:28:14 #1 store] 
Database 'C:\Users\zurib\Desktop\UNIVERSIDAD\TERCERO DE CARRERA\SI2\ProiektuaSI2\Rides24\src\main\resources\rides.temp' is opened by 13388@ZuriBehobide

[2024-12-06 15:28:14 #2 type.registry] 
New type domain.User

[2024-12-06 15:28:14 #3 type.registry] 
New type domain.Driver

[2024-12-06 15:28:14 #4 type] 
Type domain.User is not enhanced.

[2024-12-06 15:28:14 #5 type] 
Type domain.Driver is not enhanced.

[2024-12-06 15:28:14 #6 type.registry] 
New type domain.Ride

[2024-12-06 15:28:14 #7 type] 
Type domain.Ride is not enhanced.

[2024-12-06 15:28:14 #8 type.registry] 
New type domain.Booking

[2024-12-06 15:28:14 #9 type] 
Type domain.Booking is not enhanced.

[2024-12-06 15:28:14 #10 type.registry] 
New type domain.Traveler

[2024-12-06 15:28:14 #11 type] 
Type domain.Traveler is not enhanced.

[2024-12-06 15:28:14 #12 type.registry] 
New type java.util.Vector<java.lang.Object>

[2024-12-06 15:28:14 #13 type.registry] 
New type java.util.Vector<domain.Ride>

[2024-12-06 15:28:14 #14 type.registry] 
New type java.util.Vector<domain.Booking>

------------------------------------------------------------------------------------------------------------------------

[2024-12-06 15:40:36 #1 store] 
Database 'C:\Users\zurib\Desktop\UNIVERSIDAD\TERCERO DE CARRERA\SI2\ProiektuaSI2\Rides24\src\main\resources\rides.temp' is opened by 1832@ZuriBehobide

[2024-12-06 15:40:36 #2 type.registry] 
New type domain.User

[2024-12-06 15:40:36 #3 type.registry] 
New type domain.Driver

[2024-12-06 15:40:36 #4 type] 
Type domain.User is not enhanced.

[2024-12-06 15:40:36 #5 type] 
Type domain.Driver is not enhanced.

[2024-12-06 15:40:36 #6 type.registry] 
New type domain.Ride

[2024-12-06 15:40:36 #7 type] 
Type domain.Ride is not enhanced.

[2024-12-06 15:40:36 #8 type.registry] 
New type domain.Booking

[2024-12-06 15:40:36 #9 type] 
Type domain.Booking is not enhanced.

[2024-12-06 15:40:36 #10 type.registry] 
New type domain.Traveler

[2024-12-06 15:40:36 #11 type] 
Type domain.Traveler is not enhanced.

[2024-12-06 15:40:36 #12 type.registry] 
New type java.util.Vector<java.lang.Object>

[2024-12-06 15:40:36 #13 type.registry] 
New type java.util.Vector<domain.Ride>

[2024-12-06 15:40:36 #14 type.registry] 
New type java.util.Vector<domain.Booking>

------------------------------------------------------------------------------------------------------------------------

[2024-12-06 16:30:35 #1 store] 
Database 'C:\Users\zurib\Desktop\UNIVERSIDAD\TERCERO DE CARRERA\SI2\ProiektuaSI2\Rides24\src\main\resources\rides.temp' is opened by 15172@ZuriBehobide

[2024-12-06 16:30:35 #2 type.registry] 
New type domain.User

[2024-12-06 16:30:35 #3 type.registry] 
New type domain.Driver

[2024-12-06 16:30:35 #4 type] 
Type domain.User is not enhanced.

[2024-12-06 16:30:35 #5 type] 
Type domain.Driver is not enhanced.

[2024-12-06 16:30:35 #6 type.registry] 
New type domain.Ride

[2024-12-06 16:30:35 #7 type] 
Type domain.Ride is not enhanced.

[2024-12-06 16:30:35 #8 type.registry] 
New type domain.Booking

[2024-12-06 16:30:35 #9 type] 
Type domain.Booking is not enhanced.

[2024-12-06 16:30:35 #10 type.registry] 
New type domain.Traveler

[2024-12-06 16:30:35 #11 type] 
Type domain.Traveler is not enhanced.

[2024-12-06 16:30:35 #12 type.registry] 
New type java.util.Vector<java.lang.Object>

[2024-12-06 16:30:35 #13 type.registry] 
New type java.util.Vector<domain.Ride>

[2024-12-06 16:30:35 #14 type.registry] 
New type java.util.Vector<domain.Booking>

[2024-12-06 16:31:04 #15 type.registry] 
New type java.util.ArrayList<java.lang.Object>

[2024-12-06 16:31:04 #16 type.registry] 
New type java.util.ArrayList<domain.Booking>

[2024-12-06 16:31:04 #17 type.registry] 
New type com.objectdb.o.LMT

[2024-12-06 16:31:04 #18 type.registry] 
New type com.objectdb.o.VAL

[2024-12-06 16:31:04 #19 type.registry] 
New type com.objectdb.o.RFV

------------------------------------------------------------------------------------------------------------------------

[2024-12-06 19:07:40 #1 store] 
Database 'C:\Users\zurib\Desktop\UNIVERSIDAD\TERCERO DE CARRERA\SI2\ProiektuaSI2\Rides24\src\main\resources\rides.temp' is opened by 8480@ZuriBehobide

[2024-12-06 19:07:40 #2 type.registry] 
New type domain.User

[2024-12-06 19:07:40 #3 type.registry] 
New type domain.Driver

[2024-12-06 19:07:40 #4 type] 
Type domain.User is not enhanced.

[2024-12-06 19:07:40 #5 type] 
Type domain.Driver is not enhanced.

[2024-12-06 19:07:40 #6 type.registry] 
New type domain.Ride

[2024-12-06 19:07:40 #7 type] 
Type domain.Ride is not enhanced.

[2024-12-06 19:07:40 #8 type.registry] 
New type domain.Booking

[2024-12-06 19:07:40 #9 type] 
Type domain.Booking is not enhanced.

[2024-12-06 19:07:40 #10 type.registry] 
New type domain.Traveler

[2024-12-06 19:07:40 #11 type] 
Type domain.Traveler is not enhanced.

[2024-12-06 19:07:40 #12 type.registry] 
New type java.util.Vector<java.lang.Object>

[2024-12-06 19:07:40 #13 type.registry] 
New type java.util.Vector<domain.Ride>

[2024-12-06 19:07:40 #14 type.registry] 
New type java.util.Vector<domain.Booking>

------------------------------------------------------------------------------------------------------------------------

[2024-12-06 19:24:05 #1 store] 
Database 'C:\Users\zurib\Desktop\UNIVERSIDAD\TERCERO DE CARRERA\SI2\ProiektuaSI2\Rides24\src\main\resources\rides.temp' is opened by 7372@ZuriBehobide

[2024-12-06 19:24:05 #2 type.registry] 
New type domain.User

[2024-12-06 19:24:05 #3 type.registry] 
New type domain.Driver

[2024-12-06 19:24:05 #4 type] 
Type domain.User is not enhanced.

[2024-12-06 19:24:05 #5 type] 
Type domain.Driver is not enhanced.

[2024-12-06 19:24:05 #6 type.registry] 
New type domain.Ride

[2024-12-06 19:24:05 #7 type] 
Type domain.Ride is not enhanced.

[2024-12-06 19:24:05 #8 type.registry] 
New type domain.Traveler

[2024-12-06 19:24:05 #9 type] 
Type domain.Traveler is not enhanced.

[2024-12-06 19:24:05 #10 type.registry] 
New type java.util.Vector<java.lang.Object>

[2024-12-06 19:24:05 #11 type.registry] 
New type java.util.Vector<domain.Ride>

