------------------------------------------------------------------------------------------------------------------------

[2024-12-11 23:54:12 #1 store] 
Database 'C:\Users\zurib\Desktop\src\main\resources\rides.temp' is opened by 17952@ZuriBehobide

[2024-12-11 23:54:12 #2 type] 
Type domain.User is not enhanced.

[2024-12-11 23:54:12 #3 type] 
Type domain.Driver is not enhanced.

[2024-12-11 23:54:12 #4 type] 
Type domain.Ride is not enhanced.

[2024-12-11 23:54:12 #5 type] 
Type domain.Booking is not enhanced.

[2024-12-11 23:54:12 #6 type] 
Type domain.Traveler is not enhanced.

------------------------------------------------------------------------------------------------------------------------

[2024-12-11 23:57:36 #1 store] 
Database 'C:\Users\zurib\Desktop\src\main\resources\rides.temp' has been recovered (tr. 25-29)

[2024-12-11 23:57:36 #2 store] 
Database 'C:\Users\zurib\Desktop\src\main\resources\rides.temp' is opened by 18004@ZuriBehobide

[2024-12-11 23:57:36 #3 type] 
Type domain.User is not enhanced.

[2024-12-11 23:57:36 #4 type] 
Type domain.Driver is not enhanced.

[2024-12-11 23:57:36 #5 type] 
Type domain.Ride is not enhanced.

[2024-12-11 23:57:36 #6 type] 
Type domain.Booking is not enhanced.

[2024-12-11 23:57:36 #7 type] 
Type domain.Traveler is not enhanced.

