------------------------------------------------------------------------------------------------------------------------

[2024-12-16 11:41:18 #1 store] 
Database 'C:\Users\zurib\Desktop\src\main\resources\rides.temp' is opened by 3600@ZuriBehobide

[2024-12-16 11:41:19 #2 type] 
Type domain.User is not enhanced.

[2024-12-16 11:41:19 #3 type] 
Type domain.Driver is not enhanced.

[2024-12-16 11:41:19 #4 type] 
Type domain.Ride is not enhanced.

[2024-12-16 11:41:19 #5 type] 
Type domain.Traveler is not enhanced.

------------------------------------------------------------------------------------------------------------------------

[2024-12-16 11:42:35 #1 store] 
Database 'C:\Users\zurib\Desktop\src\main\resources\rides.temp' has been recovered (tr. 34-34)

[2024-12-16 11:42:35 #2 store] 
Database 'C:\Users\zurib\Desktop\src\main\resources\rides.temp' is opened by 14364@ZuriBehobide

[2024-12-16 11:42:35 #3 type] 
Type domain.User is not enhanced.

[2024-12-16 11:42:35 #4 type] 
Type domain.Driver is not enhanced.

[2024-12-16 11:42:35 #5 type] 
Type domain.Ride is not enhanced.

[2024-12-16 11:42:35 #6 type] 
Type domain.Traveler is not enhanced.

------------------------------------------------------------------------------------------------------------------------

[2024-12-16 11:44:08 #1 store] 
Database 'C:\Users\zurib\Desktop\src\main\resources\rides.temp' is opened by 18732@ZuriBehobide

[2024-12-16 11:44:08 #2 type] 
Type domain.User is not enhanced.

[2024-12-16 11:44:08 #3 type] 
Type domain.Driver is not enhanced.

[2024-12-16 11:44:08 #4 type] 
Type domain.Ride is not enhanced.

[2024-12-16 11:44:08 #5 type] 
Type domain.Traveler is not enhanced.

------------------------------------------------------------------------------------------------------------------------

[2024-12-16 11:47:19 #1 store] 
Database 'C:\Users\zurib\Desktop\src\main\resources\rides.temp' is opened by 15552@ZuriBehobide

[2024-12-16 11:47:20 #2 type] 
Type domain.User is not enhanced.

[2024-12-16 11:47:20 #3 type] 
Type domain.Driver is not enhanced.

[2024-12-16 11:47:20 #4 type] 
Type domain.Ride is not enhanced.

[2024-12-16 11:47:20 #5 type] 
Type domain.Traveler is not enhanced.

------------------------------------------------------------------------------------------------------------------------

[2024-12-16 11:48:22 #1 store] 
Database 'C:\Users\zurib\Desktop\src\main\resources\rides.temp' is opened by 18700@ZuriBehobide

[2024-12-16 11:48:22 #2 type] 
Type domain.User is not enhanced.

[2024-12-16 11:48:22 #3 type] 
Type domain.Driver is not enhanced.

[2024-12-16 11:48:22 #4 type] 
Type domain.Ride is not enhanced.

[2024-12-16 11:48:22 #5 type] 
Type domain.Traveler is not enhanced.

------------------------------------------------------------------------------------------------------------------------

[2024-12-16 11:49:48 #1 store] 
Database 'C:\Users\zurib\Desktop\src\main\resources\rides.temp' is opened by 13352@ZuriBehobide

[2024-12-16 11:49:48 #2 type] 
Type domain.User is not enhanced.

[2024-12-16 11:49:48 #3 type] 
Type domain.Driver is not enhanced.

[2024-12-16 11:49:48 #4 type] 
Type domain.Ride is not enhanced.

[2024-12-16 11:49:48 #5 type] 
Type domain.Traveler is not enhanced.

------------------------------------------------------------------------------------------------------------------------

[2024-12-16 11:50:53 #1 store] 
Database 'C:\Users\zurib\Desktop\src\main\resources\rides.temp' is opened by 10520@ZuriBehobide

[2024-12-16 11:50:53 #2 type] 
Type domain.User is not enhanced.

[2024-12-16 11:50:53 #3 type] 
Type domain.Driver is not enhanced.

[2024-12-16 11:50:53 #4 type] 
Type domain.Ride is not enhanced.

[2024-12-16 11:50:53 #5 type] 
Type domain.Traveler is not enhanced.

------------------------------------------------------------------------------------------------------------------------

[2024-12-16 11:51:31 #1 store] 
Database 'C:\Users\zurib\Desktop\src\main\resources\rides.temp' is opened by 14144@ZuriBehobide

[2024-12-16 11:51:31 #2 type] 
Type domain.User is not enhanced.

[2024-12-16 11:51:31 #3 type] 
Type domain.Driver is not enhanced.

[2024-12-16 11:51:31 #4 type] 
Type domain.Ride is not enhanced.

[2024-12-16 11:51:31 #5 type] 
Type domain.Traveler is not enhanced.

------------------------------------------------------------------------------------------------------------------------

[2024-12-16 11:54:48 #1 store] 
Database 'C:\Users\zurib\Desktop\src\main\resources\rides.temp' is opened by 17792@ZuriBehobide

[2024-12-16 11:54:49 #2 type] 
Type domain.User is not enhanced.

[2024-12-16 11:54:49 #3 type] 
Type domain.Driver is not enhanced.

[2024-12-16 11:54:49 #4 type] 
Type domain.Ride is not enhanced.

[2024-12-16 11:54:49 #5 type] 
Type domain.Traveler is not enhanced.

------------------------------------------------------------------------------------------------------------------------

[2024-12-16 11:58:07 #1 store] 
Database 'C:\Users\zurib\Desktop\src\main\resources\rides.temp' is opened by 16664@ZuriBehobide

[2024-12-16 11:58:07 #2 type] 
Type domain.User is not enhanced.

[2024-12-16 11:58:07 #3 type] 
Type domain.Driver is not enhanced.

[2024-12-16 11:58:07 #4 type] 
Type domain.Ride is not enhanced.

[2024-12-16 11:58:07 #5 type] 
Type domain.Traveler is not enhanced.

------------------------------------------------------------------------------------------------------------------------

[2024-12-16 12:01:00 #1 store] 
Database 'C:\Users\zurib\Desktop\src\main\resources\rides.temp' is opened by 15976@ZuriBehobide

[2024-12-16 12:01:00 #2 type] 
Type domain.User is not enhanced.

[2024-12-16 12:01:00 #3 type] 
Type domain.Driver is not enhanced.

[2024-12-16 12:01:00 #4 type] 
Type domain.Ride is not enhanced.

[2024-12-16 12:01:00 #5 type] 
Type domain.Traveler is not enhanced.

------------------------------------------------------------------------------------------------------------------------

[2024-12-16 12:03:38 #1 store] 
Database 'C:\Users\zurib\Desktop\src\main\resources\rides.temp' is opened by 8576@ZuriBehobide

[2024-12-16 12:03:38 #2 type] 
Type domain.User is not enhanced.

[2024-12-16 12:03:38 #3 type] 
Type domain.Driver is not enhanced.

[2024-12-16 12:03:38 #4 type] 
Type domain.Ride is not enhanced.

[2024-12-16 12:03:38 #5 type] 
Type domain.Traveler is not enhanced.

------------------------------------------------------------------------------------------------------------------------

[2024-12-16 12:12:14 #1 store] 
Database 'C:\Users\zurib\Desktop\src\main\resources\rides.temp' is opened by 13400@ZuriBehobide

[2024-12-16 12:12:15 #2 type] 
Type domain.User is not enhanced.

[2024-12-16 12:12:15 #3 type] 
Type domain.Driver is not enhanced.

[2024-12-16 12:12:15 #4 type] 
Type domain.Ride is not enhanced.

[2024-12-16 12:12:15 #5 type] 
Type domain.Traveler is not enhanced.

------------------------------------------------------------------------------------------------------------------------

[2024-12-16 12:55:53 #1 store] 
Database 'C:\Users\zurib\Desktop\src\main\resources\rides.temp' is opened by 8136@ZuriBehobide

[2024-12-16 12:55:53 #2 type] 
Type domain.User is not enhanced.

[2024-12-16 12:55:53 #3 type] 
Type domain.Driver is not enhanced.

[2024-12-16 12:55:53 #4 type] 
Type domain.Ride is not enhanced.

[2024-12-16 12:55:53 #5 type] 
Type domain.Traveler is not enhanced.

------------------------------------------------------------------------------------------------------------------------

[2024-12-16 12:57:24 #1 store] 
Database 'C:\Users\zurib\Desktop\src\main\resources\rides.temp' has been recovered (tr. 35-37)

[2024-12-16 12:57:25 #2 store] 
Database 'C:\Users\zurib\Desktop\src\main\resources\rides.temp' is opened by 12632@ZuriBehobide

[2024-12-16 12:57:25 #3 type] 
Type domain.User is not enhanced.

[2024-12-16 12:57:25 #4 type] 
Type domain.Driver is not enhanced.

[2024-12-16 12:57:25 #5 type] 
Type domain.Ride is not enhanced.

[2024-12-16 12:57:25 #6 type] 
Type domain.Traveler is not enhanced.

------------------------------------------------------------------------------------------------------------------------

[2024-12-16 14:04:15 #1 store] 
Database 'C:\Users\zurib\Desktop\src\main\resources\rides.temp' is opened by 15528@ZuriBehobide

[2024-12-16 14:04:16 #2 type] 
Type domain.User is not enhanced.

[2024-12-16 14:04:16 #3 type] 
Type domain.Driver is not enhanced.

[2024-12-16 14:04:16 #4 type] 
Type domain.Ride is not enhanced.

[2024-12-16 14:04:16 #5 type] 
Type domain.Traveler is not enhanced.

------------------------------------------------------------------------------------------------------------------------

[2024-12-16 17:08:24 #1 store] 
Database 'C:\Users\zurib\Desktop\src\main\resources\rides.temp' is opened by 13928@ZuriBehobide

[2024-12-16 17:08:25 #2 type] 
Type domain.User is not enhanced.

[2024-12-16 17:08:25 #3 type] 
Type domain.Driver is not enhanced.

[2024-12-16 17:08:25 #4 type] 
Type domain.Ride is not enhanced.

[2024-12-16 17:08:25 #5 type] 
Type domain.Traveler is not enhanced.

------------------------------------------------------------------------------------------------------------------------

[2024-12-16 17:13:23 #1 store] 
Database 'C:\Users\zurib\Desktop\src\main\resources\rides.temp' is opened by 14940@ZuriBehobide

[2024-12-16 17:13:25 #2 type.registry] 
New type domain.User

[2024-12-16 17:13:25 #3 type.registry] 
New type domain.Driver

[2024-12-16 17:13:25 #4 type] 
Type domain.User is not enhanced.

[2024-12-16 17:13:25 #5 type] 
Type domain.Driver is not enhanced.

[2024-12-16 17:13:25 #6 type.registry] 
New type domain.Ride

[2024-12-16 17:13:25 #7 type] 
Type domain.Ride is not enhanced.

[2024-12-16 17:13:25 #8 type.registry] 
New type domain.Traveler

[2024-12-16 17:13:25 #9 type] 
Type domain.Traveler is not enhanced.

[2024-12-16 17:13:26 #10 type.registry] 
New type java.util.Vector<java.lang.Object>

[2024-12-16 17:13:26 #11 type.registry] 
New type java.util.Vector<domain.Ride>

------------------------------------------------------------------------------------------------------------------------

[2024-12-16 17:15:22 #1 store] 
Database 'C:\Users\zurib\Desktop\src\main\resources\rides.temp' is opened by 1612@ZuriBehobide

[2024-12-16 17:15:24 #2 type.registry] 
New type domain.User

[2024-12-16 17:15:24 #3 type.registry] 
New type domain.Driver

[2024-12-16 17:15:24 #4 type] 
Type domain.User is not enhanced.

[2024-12-16 17:15:24 #5 type] 
Type domain.Driver is not enhanced.

[2024-12-16 17:15:24 #6 type.registry] 
New type domain.Ride

[2024-12-16 17:15:24 #7 type] 
Type domain.Ride is not enhanced.

[2024-12-16 17:15:24 #8 type.registry] 
New type domain.Traveler

[2024-12-16 17:15:24 #9 type] 
Type domain.Traveler is not enhanced.

[2024-12-16 17:15:24 #10 type.registry] 
New type java.util.Vector<java.lang.Object>

[2024-12-16 17:15:24 #11 type.registry] 
New type java.util.Vector<domain.Ride>

